[INFO] Scanning for projects...
[INFO] 
[INFO] --------------------< com.loyalty:identity-service >--------------------
[INFO] Building identity-service 0.0.1-SNAPSHOT
[INFO]   from pom.xml
[INFO] --------------------------------[ jar ]---------------------------------
[INFO] 
[INFO] --- resources:3.3.1:resources (default-resources) @ identity-service ---
[INFO] Copying 1 resource from src\main\resources to target\classes
[INFO] Copying 4 resources from src\main\resources to target\classes
[INFO] 
[INFO] --- compiler:3.13.0:compile (default-compile) @ identity-service ---
[INFO] Recompiling the module because of changed source code.
[INFO] Compiling 47 source files with javac [debug parameters release 21] to target\classes
[INFO] -------------------------------------------------------------
[ERROR] COMPILATION ERROR : 
[INFO] -------------------------------------------------------------
[ERROR] /D:/Loyalty/Loyalty-Service/identity-service/identity-service/src/main/java/com/loyalty/identity_service/config/AuthService.java:[43,30] illegal start of expression
[ERROR] /D:/Loyalty/Loyalty-Service/identity-service/identity-service/src/main/java/com/loyalty/identity_service/config/AuthService.java:[44,36] illegal start of expression
[ERROR] /D:/Loyalty/Loyalty-Service/identity-service/identity-service/src/main/java/com/loyalty/identity_service/config/AuthService.java:[45,33] illegal start of expression
[ERROR] /D:/Loyalty/Loyalty-Service/identity-service/identity-service/src/main/java/com/loyalty/identity_service/config/AuthService.java:[46,33] illegal start of expression
[INFO] 4 errors 
[INFO] -------------------------------------------------------------
[INFO] ------------------------------------------------------------------------
[INFO] BUILD FAILURE
[INFO] ------------------------------------------------------------------------
[INFO] Total time:  2.514 s
[INFO] Finished at: 2026-04-16T23:34:13+05:30
[INFO] ------------------------------------------------------------------------
[ERROR] Failed to execute goal org.apache.maven.plugins:maven-compiler-plugin:3.13.0:compile (default-compile) on project identity-service: Compilation failure: Compilation failure: 
[ERROR] /D:/Loyalty/Loyalty-Service/identity-service/identity-service/src/main/java/com/loyalty/identity_service/config/AuthService.java:[43,30] illegal start of expression
[ERROR] /D:/Loyalty/Loyalty-Service/identity-service/identity-service/src/main/java/com/loyalty/identity_service/config/AuthService.java:[44,36] illegal start of expression
[ERROR] /D:/Loyalty/Loyalty-Service/identity-service/identity-service/src/main/java/com/loyalty/identity_service/config/AuthService.java:[45,33] illegal start of expression
[ERROR] /D:/Loyalty/Loyalty-Service/identity-service/identity-service/src/main/java/com/loyalty/identity_service/config/AuthService.java:[46,33] illegal start of expression
[ERROR] -> [Help 1]
[ERROR] 
[ERROR] To see the full stack trace of the errors, re-run Maven with the -e switch.
[ERROR] Re-run Maven using the -X switch to enable full debug logging.
[ERROR] 
[ERROR] For more information about the errors and possible solutions, please read the following articles:
[ERROR] [Help 1] http://cwiki.apache.org/confluence/display/MAVEN/MojoFailureException
